<?xml version="1.0" encoding="UTF-8"?>
<!-- Generated by org.testng.reporters.JUnitReportReporter -->
<testsuite skipped="0" hostname="sony" name="qaclickacademy.MavenJava.SeleniumTest" tests="1" failures="0" timestamp="2020-05-25T00:51:59 IST" time="0.022" errors="0">
  <testcase name="seleniumTest" time="0.022" classname="qaclickacademy.MavenJava.SeleniumTest"/>
  <system-out/>
</testsuite> <!-- qaclickacademy.MavenJava.SeleniumTest -->
