<?xml version="1.0" encoding="UTF-8"?>
<!-- Generated by org.testng.reporters.JUnitReportReporter -->
<testsuite skipped="0" hostname="sony" name="qaclickacademy.MavenJava.SeleniumTest" tests="2" failures="0" timestamp="2020-05-17T01:56:44 IST" time="0.020" errors="0">
  <testcase name="elementsUI" time="0.003" classname="qaclickacademy.MavenJava.SeleniumTest"/>
  <system-out/>
  <testcase name="BrowserAutomation" time="0.017" classname="qaclickacademy.MavenJava.SeleniumTest"/>
  <system-out/>
</testsuite> <!-- qaclickacademy.MavenJava.SeleniumTest -->
