<?xml version="1.0" encoding="UTF-8"?>
<!-- Generated by org.testng.reporters.JUnitReportReporter -->
<testsuite skipped="0" hostname="sony" name="qaclickacademy.MavenJava.AppiumTest" tests="2" failures="0" timestamp="2020-05-17T01:33:12 IST" time="0.018" errors="0">
  <testcase name="IOSApps" time="0.014" classname="qaclickacademy.MavenJava.AppiumTest"/>
  <system-out/>
  <testcase name="NativeAppAndroid" time="0.004" classname="qaclickacademy.MavenJava.AppiumTest"/>
  <system-out/>
</testsuite> <!-- qaclickacademy.MavenJava.AppiumTest -->
