<?xml version="1.0" encoding="UTF-8"?>
<!-- Generated by org.testng.reporters.JUnitReportReporter -->
<testsuite skipped="0" hostname="sony" name="qaclickacademy.MavenJava.RESTAPITest" tests="2" failures="0" timestamp="2020-05-18T01:53:42 IST" time="0.012" errors="0">
  <testcase name="deleteTwitter" time="0.011" classname="qaclickacademy.MavenJava.RESTAPITest"/>
  <system-out/>
  <testcase name="postJIra" time="0.001" classname="qaclickacademy.MavenJava.RESTAPITest"/>
  <system-out/>
</testsuite> <!-- qaclickacademy.MavenJava.RESTAPITest -->
